<component name="libraryTable">
  <library name="junit">
    <CLASSES>
      <root url="jar://C:/JavaLibs/junit4.8.2/junit-4.8.2.jar!/" />
    </CLASSES>
    <JAVADOC />
    <SOURCES>
      <root url="jar://C:/JavaLibs/junit4.8.2/junit-4.8.2-src.jar!/" />
    </SOURCES>
  </library>
</component>