<component name="libraryTable">
  <library name="junit">
    <CLASSES>
      <root url="jar:///usr/share/java/junit-4.10/junit-4.10.jar!/" />
    </CLASSES>
    <JAVADOC />
    <SOURCES>
      <root url="jar:///usr/share/java/junit-4.10/junit-4.10-src.jar!/" />
    </SOURCES>
  </library>
</component>